CRITICAL - 2023-03-31 06:33:59 --> syntax error, unexpected '}', expecting ';'
in APPPATH/Controllers/Home.php on line 10.
 1 SYSTEMPATH/Autoloader/Autoloader.php(289): CodeIgniter\Autoloader\Autoloader->includeFile()
 2 SYSTEMPATH/Autoloader/Autoloader.php(267): CodeIgniter\Autoloader\Autoloader->loadInNamespace()
 3 [internal function]: CodeIgniter\Autoloader\Autoloader->loadClass()
 4 [internal function]: spl_autoload_call()
 5 SYSTEMPATH/CodeIgniter.php(892): class_exists()
 6 SYSTEMPATH/CodeIgniter.php(486): CodeIgniter\CodeIgniter->startController()
 7 SYSTEMPATH/CodeIgniter.php(368): CodeIgniter\CodeIgniter->handleRequest()
 8 FCPATH/index.php(67): CodeIgniter\CodeIgniter->run()
 9 SYSTEMPATH/Commands/Server/rewrite.php(47): require_once('/var/www/html/kuliah/Project_finish/Project_kuliah/public/index.php')
CRITICAL - 2023-03-31 06:34:00 --> syntax error, unexpected '}', expecting ';'
in APPPATH/Controllers/Home.php on line 10.
 1 SYSTEMPATH/Autoloader/Autoloader.php(289): CodeIgniter\Autoloader\Autoloader->includeFile()
 2 SYSTEMPATH/Autoloader/Autoloader.php(267): CodeIgniter\Autoloader\Autoloader->loadInNamespace()
 3 [internal function]: CodeIgniter\Autoloader\Autoloader->loadClass()
 4 [internal function]: spl_autoload_call()
 5 SYSTEMPATH/CodeIgniter.php(892): class_exists()
 6 SYSTEMPATH/CodeIgniter.php(486): CodeIgniter\CodeIgniter->startController()
 7 SYSTEMPATH/CodeIgniter.php(368): CodeIgniter\CodeIgniter->handleRequest()
 8 FCPATH/index.php(67): CodeIgniter\CodeIgniter->run()
 9 SYSTEMPATH/Commands/Server/rewrite.php(47): require_once('/var/www/html/kuliah/Project_finish/Project_kuliah/public/index.php')
CRITICAL - 2023-03-31 06:34:00 --> syntax error, unexpected '}', expecting ';'
in APPPATH/Controllers/Home.php on line 10.
 1 SYSTEMPATH/Autoloader/Autoloader.php(289): CodeIgniter\Autoloader\Autoloader->includeFile()
 2 SYSTEMPATH/Autoloader/Autoloader.php(267): CodeIgniter\Autoloader\Autoloader->loadInNamespace()
 3 [internal function]: CodeIgniter\Autoloader\Autoloader->loadClass()
 4 [internal function]: spl_autoload_call()
 5 SYSTEMPATH/CodeIgniter.php(892): class_exists()
 6 SYSTEMPATH/CodeIgniter.php(486): CodeIgniter\CodeIgniter->startController()
 7 SYSTEMPATH/CodeIgniter.php(368): CodeIgniter\CodeIgniter->handleRequest()
 8 FCPATH/index.php(67): CodeIgniter\CodeIgniter->run()
 9 SYSTEMPATH/Commands/Server/rewrite.php(47): require_once('/var/www/html/kuliah/Project_finish/Project_kuliah/public/index.php')
CRITICAL - 2023-03-31 06:34:01 --> syntax error, unexpected '}', expecting ';'
in APPPATH/Controllers/Home.php on line 10.
 1 SYSTEMPATH/Autoloader/Autoloader.php(289): CodeIgniter\Autoloader\Autoloader->includeFile()
 2 SYSTEMPATH/Autoloader/Autoloader.php(267): CodeIgniter\Autoloader\Autoloader->loadInNamespace()
 3 [internal function]: CodeIgniter\Autoloader\Autoloader->loadClass()
 4 [internal function]: spl_autoload_call()
 5 SYSTEMPATH/CodeIgniter.php(892): class_exists()
 6 SYSTEMPATH/CodeIgniter.php(486): CodeIgniter\CodeIgniter->startController()
 7 SYSTEMPATH/CodeIgniter.php(368): CodeIgniter\CodeIgniter->handleRequest()
 8 FCPATH/index.php(67): CodeIgniter\CodeIgniter->run()
 9 SYSTEMPATH/Commands/Server/rewrite.php(47): require_once('/var/www/html/kuliah/Project_finish/Project_kuliah/public/index.php')
CRITICAL - 2023-03-31 06:34:01 --> syntax error, unexpected '}', expecting ';'
in APPPATH/Controllers/Home.php on line 10.
 1 SYSTEMPATH/Autoloader/Autoloader.php(289): CodeIgniter\Autoloader\Autoloader->includeFile()
 2 SYSTEMPATH/Autoloader/Autoloader.php(267): CodeIgniter\Autoloader\Autoloader->loadInNamespace()
 3 [internal function]: CodeIgniter\Autoloader\Autoloader->loadClass()
 4 [internal function]: spl_autoload_call()
 5 SYSTEMPATH/CodeIgniter.php(892): class_exists()
 6 SYSTEMPATH/CodeIgniter.php(486): CodeIgniter\CodeIgniter->startController()
 7 SYSTEMPATH/CodeIgniter.php(368): CodeIgniter\CodeIgniter->handleRequest()
 8 FCPATH/index.php(67): CodeIgniter\CodeIgniter->run()
 9 SYSTEMPATH/Commands/Server/rewrite.php(47): require_once('/var/www/html/kuliah/Project_finish/Project_kuliah/public/index.php')
CRITICAL - 2023-03-31 06:34:28 --> syntax error, unexpected '}', expecting ';'
in APPPATH/Controllers/Home.php on line 10.
 1 SYSTEMPATH/Autoloader/Autoloader.php(289): CodeIgniter\Autoloader\Autoloader->includeFile()
 2 SYSTEMPATH/Autoloader/Autoloader.php(267): CodeIgniter\Autoloader\Autoloader->loadInNamespace()
 3 [internal function]: CodeIgniter\Autoloader\Autoloader->loadClass()
 4 [internal function]: spl_autoload_call()
 5 SYSTEMPATH/CodeIgniter.php(892): class_exists()
 6 SYSTEMPATH/CodeIgniter.php(486): CodeIgniter\CodeIgniter->startController()
 7 SYSTEMPATH/CodeIgniter.php(368): CodeIgniter\CodeIgniter->handleRequest()
 8 FCPATH/index.php(67): CodeIgniter\CodeIgniter->run()
 9 SYSTEMPATH/Commands/Server/rewrite.php(47): require_once('/var/www/html/kuliah/Project_finish/Project_kuliah/public/index.php')
CRITICAL - 2023-03-31 06:36:07 --> syntax error, unexpected '}', expecting ';'
in APPPATH/Controllers/Home.php on line 10.
 1 SYSTEMPATH/Autoloader/Autoloader.php(289): CodeIgniter\Autoloader\Autoloader->includeFile()
 2 SYSTEMPATH/Autoloader/Autoloader.php(267): CodeIgniter\Autoloader\Autoloader->loadInNamespace()
 3 [internal function]: CodeIgniter\Autoloader\Autoloader->loadClass()
 4 [internal function]: spl_autoload_call()
 5 SYSTEMPATH/CodeIgniter.php(892): class_exists()
 6 SYSTEMPATH/CodeIgniter.php(486): CodeIgniter\CodeIgniter->startController()
 7 SYSTEMPATH/CodeIgniter.php(368): CodeIgniter\CodeIgniter->handleRequest()
 8 FCPATH/index.php(67): CodeIgniter\CodeIgniter->run()
 9 SYSTEMPATH/Commands/Server/rewrite.php(47): require_once('/var/www/html/kuliah/Project_finish/Project_kuliah/public/index.php')
CRITICAL - 2023-03-31 07:31:20 --> Too few arguments to function App\Controllers\UserController::Register(), 0 passed in /var/www/html/kuliah/Project_finish/Project_kuliah/vendor/codeigniter4/framework/system/CodeIgniter.php on line 934 and exactly 1 expected
in APPPATH/Controllers/UserController.php on line 15.
 1 SYSTEMPATH/CodeIgniter.php(934): App\Controllers\UserController->Register()
 2 SYSTEMPATH/CodeIgniter.php(499): CodeIgniter\CodeIgniter->runController()
 3 SYSTEMPATH/CodeIgniter.php(368): CodeIgniter\CodeIgniter->handleRequest()
 4 FCPATH/index.php(67): CodeIgniter\CodeIgniter->run()
 5 SYSTEMPATH/Commands/Server/rewrite.php(47): require_once('/var/www/html/kuliah/Project_finish/Project_kuliah/public/index.php')
CRITICAL - 2023-03-31 07:32:06 --> Too few arguments to function App\Controllers\UserController::Register(), 0 passed in /var/www/html/kuliah/Project_finish/Project_kuliah/vendor/codeigniter4/framework/system/CodeIgniter.php on line 934 and exactly 1 expected
in APPPATH/Controllers/UserController.php on line 15.
 1 SYSTEMPATH/CodeIgniter.php(934): App\Controllers\UserController->Register()
 2 SYSTEMPATH/CodeIgniter.php(499): CodeIgniter\CodeIgniter->runController()
 3 SYSTEMPATH/CodeIgniter.php(368): CodeIgniter\CodeIgniter->handleRequest()
 4 FCPATH/index.php(67): CodeIgniter\CodeIgniter->run()
 5 SYSTEMPATH/Commands/Server/rewrite.php(47): require_once('/var/www/html/kuliah/Project_finish/Project_kuliah/public/index.php')
CRITICAL - 2023-03-31 07:32:16 --> Too few arguments to function App\Controllers\UserController::Register(), 0 passed in /var/www/html/kuliah/Project_finish/Project_kuliah/vendor/codeigniter4/framework/system/CodeIgniter.php on line 934 and exactly 1 expected
in APPPATH/Controllers/UserController.php on line 15.
 1 SYSTEMPATH/CodeIgniter.php(934): App\Controllers\UserController->Register()
 2 SYSTEMPATH/CodeIgniter.php(499): CodeIgniter\CodeIgniter->runController()
 3 SYSTEMPATH/CodeIgniter.php(368): CodeIgniter\CodeIgniter->handleRequest()
 4 FCPATH/index.php(67): CodeIgniter\CodeIgniter->run()
 5 SYSTEMPATH/Commands/Server/rewrite.php(47): require_once('/var/www/html/kuliah/Project_finish/Project_kuliah/public/index.php')
CRITICAL - 2023-03-31 07:32:17 --> Too few arguments to function App\Controllers\UserController::Register(), 0 passed in /var/www/html/kuliah/Project_finish/Project_kuliah/vendor/codeigniter4/framework/system/CodeIgniter.php on line 934 and exactly 1 expected
in APPPATH/Controllers/UserController.php on line 15.
 1 SYSTEMPATH/CodeIgniter.php(934): App\Controllers\UserController->Register()
 2 SYSTEMPATH/CodeIgniter.php(499): CodeIgniter\CodeIgniter->runController()
 3 SYSTEMPATH/CodeIgniter.php(368): CodeIgniter\CodeIgniter->handleRequest()
 4 FCPATH/index.php(67): CodeIgniter\CodeIgniter->run()
 5 SYSTEMPATH/Commands/Server/rewrite.php(47): require_once('/var/www/html/kuliah/Project_finish/Project_kuliah/public/index.php')
CRITICAL - 2023-03-31 07:32:18 --> Too few arguments to function App\Controllers\UserController::Register(), 0 passed in /var/www/html/kuliah/Project_finish/Project_kuliah/vendor/codeigniter4/framework/system/CodeIgniter.php on line 934 and exactly 1 expected
in APPPATH/Controllers/UserController.php on line 15.
 1 SYSTEMPATH/CodeIgniter.php(934): App\Controllers\UserController->Register()
 2 SYSTEMPATH/CodeIgniter.php(499): CodeIgniter\CodeIgniter->runController()
 3 SYSTEMPATH/CodeIgniter.php(368): CodeIgniter\CodeIgniter->handleRequest()
 4 FCPATH/index.php(67): CodeIgniter\CodeIgniter->run()
 5 SYSTEMPATH/Commands/Server/rewrite.php(47): require_once('/var/www/html/kuliah/Project_finish/Project_kuliah/public/index.php')
CRITICAL - 2023-03-31 07:32:26 --> Too few arguments to function App\Controllers\UserController::Register(), 0 passed in /var/www/html/kuliah/Project_finish/Project_kuliah/vendor/codeigniter4/framework/system/CodeIgniter.php on line 934 and exactly 1 expected
in APPPATH/Controllers/UserController.php on line 15.
 1 SYSTEMPATH/CodeIgniter.php(934): App\Controllers\UserController->Register()
 2 SYSTEMPATH/CodeIgniter.php(499): CodeIgniter\CodeIgniter->runController()
 3 SYSTEMPATH/CodeIgniter.php(368): CodeIgniter\CodeIgniter->handleRequest()
 4 FCPATH/index.php(67): CodeIgniter\CodeIgniter->run()
 5 SYSTEMPATH/Commands/Server/rewrite.php(47): require_once('/var/www/html/kuliah/Project_finish/Project_kuliah/public/index.php')
CRITICAL - 2023-03-31 07:32:35 --> Too few arguments to function App\Controllers\UserController::Register(), 0 passed in /var/www/html/kuliah/Project_finish/Project_kuliah/vendor/codeigniter4/framework/system/CodeIgniter.php on line 934 and exactly 1 expected
in APPPATH/Controllers/UserController.php on line 15.
 1 SYSTEMPATH/CodeIgniter.php(934): App\Controllers\UserController->Register()
 2 SYSTEMPATH/CodeIgniter.php(499): CodeIgniter\CodeIgniter->runController()
 3 SYSTEMPATH/CodeIgniter.php(368): CodeIgniter\CodeIgniter->handleRequest()
 4 FCPATH/index.php(67): CodeIgniter\CodeIgniter->run()
 5 SYSTEMPATH/Commands/Server/rewrite.php(47): require_once('/var/www/html/kuliah/Project_finish/Project_kuliah/public/index.php')
CRITICAL - 2023-03-31 07:33:21 --> Too few arguments to function App\Controllers\UserController::Register(), 0 passed in /var/www/html/kuliah/Project_finish/Project_kuliah/vendor/codeigniter4/framework/system/CodeIgniter.php on line 934 and exactly 1 expected
in APPPATH/Controllers/UserController.php on line 15.
 1 SYSTEMPATH/CodeIgniter.php(934): App\Controllers\UserController->Register()
 2 SYSTEMPATH/CodeIgniter.php(499): CodeIgniter\CodeIgniter->runController()
 3 SYSTEMPATH/CodeIgniter.php(368): CodeIgniter\CodeIgniter->handleRequest()
 4 FCPATH/index.php(67): CodeIgniter\CodeIgniter->run()
 5 SYSTEMPATH/Commands/Server/rewrite.php(47): require_once('/var/www/html/kuliah/Project_finish/Project_kuliah/public/index.php')
CRITICAL - 2023-03-31 07:33:22 --> Too few arguments to function App\Controllers\UserController::Register(), 0 passed in /var/www/html/kuliah/Project_finish/Project_kuliah/vendor/codeigniter4/framework/system/CodeIgniter.php on line 934 and exactly 1 expected
in APPPATH/Controllers/UserController.php on line 15.
 1 SYSTEMPATH/CodeIgniter.php(934): App\Controllers\UserController->Register()
 2 SYSTEMPATH/CodeIgniter.php(499): CodeIgniter\CodeIgniter->runController()
 3 SYSTEMPATH/CodeIgniter.php(368): CodeIgniter\CodeIgniter->handleRequest()
 4 FCPATH/index.php(67): CodeIgniter\CodeIgniter->run()
 5 SYSTEMPATH/Commands/Server/rewrite.php(47): require_once('/var/www/html/kuliah/Project_finish/Project_kuliah/public/index.php')
CRITICAL - 2023-03-31 07:33:29 --> Too few arguments to function App\Controllers\UserController::Register(), 0 passed in /var/www/html/kuliah/Project_finish/Project_kuliah/vendor/codeigniter4/framework/system/CodeIgniter.php on line 934 and exactly 1 expected
in APPPATH/Controllers/UserController.php on line 15.
 1 SYSTEMPATH/CodeIgniter.php(934): App\Controllers\UserController->Register()
 2 SYSTEMPATH/CodeIgniter.php(499): CodeIgniter\CodeIgniter->runController()
 3 SYSTEMPATH/CodeIgniter.php(368): CodeIgniter\CodeIgniter->handleRequest()
 4 FCPATH/index.php(67): CodeIgniter\CodeIgniter->run()
 5 SYSTEMPATH/Commands/Server/rewrite.php(47): require_once('/var/www/html/kuliah/Project_finish/Project_kuliah/public/index.php')
CRITICAL - 2023-03-31 07:33:42 --> Too few arguments to function App\Controllers\UserController::Register(), 0 passed in /var/www/html/kuliah/Project_finish/Project_kuliah/vendor/codeigniter4/framework/system/CodeIgniter.php on line 934 and exactly 1 expected
in APPPATH/Controllers/UserController.php on line 15.
 1 SYSTEMPATH/CodeIgniter.php(934): App\Controllers\UserController->Register()
 2 SYSTEMPATH/CodeIgniter.php(499): CodeIgniter\CodeIgniter->runController()
 3 SYSTEMPATH/CodeIgniter.php(368): CodeIgniter\CodeIgniter->handleRequest()
 4 FCPATH/index.php(67): CodeIgniter\CodeIgniter->run()
 5 SYSTEMPATH/Commands/Server/rewrite.php(47): require_once('/var/www/html/kuliah/Project_finish/Project_kuliah/public/index.php')
CRITICAL - 2023-03-31 07:34:32 --> Too few arguments to function App\Controllers\UserController::Register(), 0 passed in /var/www/html/kuliah/Project_finish/Project_kuliah/vendor/codeigniter4/framework/system/CodeIgniter.php on line 934 and exactly 1 expected
in APPPATH/Controllers/UserController.php on line 15.
 1 SYSTEMPATH/CodeIgniter.php(934): App\Controllers\UserController->Register()
 2 SYSTEMPATH/CodeIgniter.php(499): CodeIgniter\CodeIgniter->runController()
 3 SYSTEMPATH/CodeIgniter.php(368): CodeIgniter\CodeIgniter->handleRequest()
 4 FCPATH/index.php(67): CodeIgniter\CodeIgniter->run()
 5 SYSTEMPATH/Commands/Server/rewrite.php(47): require_once('/var/www/html/kuliah/Project_finish/Project_kuliah/public/index.php')
CRITICAL - 2023-03-31 07:35:12 --> Undefined index: name
in APPPATH/Controllers/UserController.php on line 19.
 1 APPPATH/Controllers/UserController.php(19): CodeIgniter\Debug\Exceptions->errorHandler()
 2 SYSTEMPATH/CodeIgniter.php(934): App\Controllers\UserController->Register()
 3 SYSTEMPATH/CodeIgniter.php(499): CodeIgniter\CodeIgniter->runController()
 4 SYSTEMPATH/CodeIgniter.php(368): CodeIgniter\CodeIgniter->handleRequest()
 5 FCPATH/index.php(67): CodeIgniter\CodeIgniter->run()
 6 SYSTEMPATH/Commands/Server/rewrite.php(47): require_once('/var/www/html/kuliah/Project_finish/Project_kuliah/public/index.php')
CRITICAL - 2023-03-31 07:38:43 --> Undefined property: App\Controllers\UserController::$input
in APPPATH/Controllers/UserController.php on line 21.
 1 APPPATH/Controllers/UserController.php(21): CodeIgniter\Debug\Exceptions->errorHandler()
 2 SYSTEMPATH/CodeIgniter.php(934): App\Controllers\UserController->Register()
 3 SYSTEMPATH/CodeIgniter.php(499): CodeIgniter\CodeIgniter->runController()
 4 SYSTEMPATH/CodeIgniter.php(368): CodeIgniter\CodeIgniter->handleRequest()
 5 FCPATH/index.php(67): CodeIgniter\CodeIgniter->run()
 6 SYSTEMPATH/Commands/Server/rewrite.php(47): require_once('/var/www/html/kuliah/Project_finish/Project_kuliah/public/index.php')
CRITICAL - 2023-03-31 07:39:11 --> Undefined index: name
in APPPATH/Controllers/UserController.php on line 20.
 1 APPPATH/Controllers/UserController.php(20): CodeIgniter\Debug\Exceptions->errorHandler()
 2 SYSTEMPATH/CodeIgniter.php(934): App\Controllers\UserController->Register()
 3 SYSTEMPATH/CodeIgniter.php(499): CodeIgniter\CodeIgniter->runController()
 4 SYSTEMPATH/CodeIgniter.php(368): CodeIgniter\CodeIgniter->handleRequest()
 5 FCPATH/index.php(67): CodeIgniter\CodeIgniter->run()
 6 SYSTEMPATH/Commands/Server/rewrite.php(47): require_once('/var/www/html/kuliah/Project_finish/Project_kuliah/public/index.php')
CRITICAL - 2023-03-31 07:57:00 --> Encrypter needs a starter key.
in SYSTEMPATH/Encryption/Encryption.php on line 124.
 1 SYSTEMPATH/Encryption/Encryption.php(124): CodeIgniter\Encryption\Exceptions\EncryptionException::forNeedsStarterKey()
 2 SYSTEMPATH/Config/Services.php(242): CodeIgniter\Encryption\Encryption->initialize()
 3 SYSTEMPATH/Config/BaseService.php(252): CodeIgniter\Config\Services::encrypter()
 4 APPPATH/Controllers/UserController.php(18): CodeIgniter\Config\BaseService::__callStatic()
 5 SYSTEMPATH/CodeIgniter.php(934): App\Controllers\UserController->Register()
 6 SYSTEMPATH/CodeIgniter.php(499): CodeIgniter\CodeIgniter->runController()
 7 SYSTEMPATH/CodeIgniter.php(368): CodeIgniter\CodeIgniter->handleRequest()
 8 FCPATH/index.php(67): CodeIgniter\CodeIgniter->run()
 9 SYSTEMPATH/Commands/Server/rewrite.php(47): require_once('/var/www/html/kuliah/Project_finish/Project_kuliah/public/index.php')
CRITICAL - 2023-03-31 07:57:31 --> Encrypter needs a starter key.
in SYSTEMPATH/Encryption/Encryption.php on line 124.
 1 SYSTEMPATH/Encryption/Encryption.php(124): CodeIgniter\Encryption\Exceptions\EncryptionException::forNeedsStarterKey()
 2 SYSTEMPATH/Config/Services.php(242): CodeIgniter\Encryption\Encryption->initialize()
 3 SYSTEMPATH/Config/BaseService.php(252): CodeIgniter\Config\Services::encrypter()
 4 APPPATH/Controllers/UserController.php(18): CodeIgniter\Config\BaseService::__callStatic()
 5 SYSTEMPATH/CodeIgniter.php(934): App\Controllers\UserController->Register()
 6 SYSTEMPATH/CodeIgniter.php(499): CodeIgniter\CodeIgniter->runController()
 7 SYSTEMPATH/CodeIgniter.php(368): CodeIgniter\CodeIgniter->handleRequest()
 8 FCPATH/index.php(67): CodeIgniter\CodeIgniter->run()
 9 SYSTEMPATH/Commands/Server/rewrite.php(47): require_once('/var/www/html/kuliah/Project_finish/Project_kuliah/public/index.php')
CRITICAL - 2023-03-31 07:57:32 --> Encrypter needs a starter key.
in SYSTEMPATH/Encryption/Encryption.php on line 124.
 1 SYSTEMPATH/Encryption/Encryption.php(124): CodeIgniter\Encryption\Exceptions\EncryptionException::forNeedsStarterKey()
 2 SYSTEMPATH/Config/Services.php(242): CodeIgniter\Encryption\Encryption->initialize()
 3 SYSTEMPATH/Config/BaseService.php(252): CodeIgniter\Config\Services::encrypter()
 4 APPPATH/Controllers/UserController.php(18): CodeIgniter\Config\BaseService::__callStatic()
 5 SYSTEMPATH/CodeIgniter.php(934): App\Controllers\UserController->Register()
 6 SYSTEMPATH/CodeIgniter.php(499): CodeIgniter\CodeIgniter->runController()
 7 SYSTEMPATH/CodeIgniter.php(368): CodeIgniter\CodeIgniter->handleRequest()
 8 FCPATH/index.php(67): CodeIgniter\CodeIgniter->run()
 9 SYSTEMPATH/Commands/Server/rewrite.php(47): require_once('/var/www/html/kuliah/Project_finish/Project_kuliah/public/index.php')
CRITICAL - 2023-03-31 08:00:17 --> Encrypter needs a starter key.
in SYSTEMPATH/Encryption/Encryption.php on line 124.
 1 SYSTEMPATH/Encryption/Encryption.php(124): CodeIgniter\Encryption\Exceptions\EncryptionException::forNeedsStarterKey()
 2 SYSTEMPATH/Config/Services.php(242): CodeIgniter\Encryption\Encryption->initialize()
 3 SYSTEMPATH/Config/BaseService.php(252): CodeIgniter\Config\Services::encrypter()
 4 APPPATH/Controllers/UserController.php(7): CodeIgniter\Config\BaseService::__callStatic()
 5 SYSTEMPATH/Autoloader/Autoloader.php(312): include_once('/var/www/html/kuliah/Project_finish/Project_kuliah/app/Controllers/UserController.php')
 6 SYSTEMPATH/Autoloader/Autoloader.php(289): CodeIgniter\Autoloader\Autoloader->includeFile()
 7 SYSTEMPATH/Autoloader/Autoloader.php(267): CodeIgniter\Autoloader\Autoloader->loadInNamespace()
 8 [internal function]: CodeIgniter\Autoloader\Autoloader->loadClass()
 9 [internal function]: spl_autoload_call()
10 SYSTEMPATH/CodeIgniter.php(892): class_exists()
11 SYSTEMPATH/CodeIgniter.php(486): CodeIgniter\CodeIgniter->startController()
12 SYSTEMPATH/CodeIgniter.php(368): CodeIgniter\CodeIgniter->handleRequest()
13 FCPATH/index.php(67): CodeIgniter\CodeIgniter->run()
14 SYSTEMPATH/Commands/Server/rewrite.php(47): require_once('/var/www/html/kuliah/Project_finish/Project_kuliah/public/index.php')
CRITICAL - 2023-03-31 08:04:55 --> Cannot use object of type Config\Encryption as array
in APPPATH/Controllers/UserController.php on line 36.
 1 SYSTEMPATH/CodeIgniter.php(934): App\Controllers\UserController->Register()
 2 SYSTEMPATH/CodeIgniter.php(499): CodeIgniter\CodeIgniter->runController()
 3 SYSTEMPATH/CodeIgniter.php(368): CodeIgniter\CodeIgniter->handleRequest()
 4 FCPATH/index.php(67): CodeIgniter\CodeIgniter->run()
 5 SYSTEMPATH/Commands/Server/rewrite.php(47): require_once('/var/www/html/kuliah/Project_finish/Project_kuliah/public/index.php')
CRITICAL - 2023-03-31 08:10:11 --> Cannot use object of type Config\Encryption as array
in APPPATH/Controllers/UserController.php on line 44.
 1 SYSTEMPATH/CodeIgniter.php(934): App\Controllers\UserController->Register()
 2 SYSTEMPATH/CodeIgniter.php(499): CodeIgniter\CodeIgniter->runController()
 3 SYSTEMPATH/CodeIgniter.php(368): CodeIgniter\CodeIgniter->handleRequest()
 4 FCPATH/index.php(67): CodeIgniter\CodeIgniter->run()
 5 SYSTEMPATH/Commands/Server/rewrite.php(47): require_once('/var/www/html/kuliah/Project_finish/Project_kuliah/public/index.php')
CRITICAL - 2023-03-31 08:11:28 --> Decrypting: authentication failed.
in SYSTEMPATH/Encryption/Handlers/OpenSSLHandler.php on line 137.
 1 SYSTEMPATH/Encryption/Handlers/OpenSSLHandler.php(137): CodeIgniter\Encryption\Exceptions\EncryptionException::forAuthenticationFailed()
 2 APPPATH/Controllers/UserController.php(43): CodeIgniter\Encryption\Handlers\OpenSSLHandler->decrypt()
 3 SYSTEMPATH/CodeIgniter.php(934): App\Controllers\UserController->Register()
 4 SYSTEMPATH/CodeIgniter.php(499): CodeIgniter\CodeIgniter->runController()
 5 SYSTEMPATH/CodeIgniter.php(368): CodeIgniter\CodeIgniter->handleRequest()
 6 FCPATH/index.php(67): CodeIgniter\CodeIgniter->run()
 7 SYSTEMPATH/Commands/Server/rewrite.php(47): require_once('/var/www/html/kuliah/Project_finish/Project_kuliah/public/index.php')
CRITICAL - 2023-03-31 08:11:43 --> Decrypting: authentication failed.
in SYSTEMPATH/Encryption/Handlers/OpenSSLHandler.php on line 137.
 1 SYSTEMPATH/Encryption/Handlers/OpenSSLHandler.php(137): CodeIgniter\Encryption\Exceptions\EncryptionException::forAuthenticationFailed()
 2 APPPATH/Controllers/UserController.php(43): CodeIgniter\Encryption\Handlers\OpenSSLHandler->decrypt()
 3 SYSTEMPATH/CodeIgniter.php(934): App\Controllers\UserController->Register()
 4 SYSTEMPATH/CodeIgniter.php(499): CodeIgniter\CodeIgniter->runController()
 5 SYSTEMPATH/CodeIgniter.php(368): CodeIgniter\CodeIgniter->handleRequest()
 6 FCPATH/index.php(67): CodeIgniter\CodeIgniter->run()
 7 SYSTEMPATH/Commands/Server/rewrite.php(47): require_once('/var/www/html/kuliah/Project_finish/Project_kuliah/public/index.php')
CRITICAL - 2023-03-31 08:12:56 --> Decrypting: authentication failed.
in SYSTEMPATH/Encryption/Handlers/OpenSSLHandler.php on line 137.
 1 SYSTEMPATH/Encryption/Handlers/OpenSSLHandler.php(137): CodeIgniter\Encryption\Exceptions\EncryptionException::forAuthenticationFailed()
 2 APPPATH/Controllers/UserController.php(43): CodeIgniter\Encryption\Handlers\OpenSSLHandler->decrypt()
 3 SYSTEMPATH/CodeIgniter.php(934): App\Controllers\UserController->Register()
 4 SYSTEMPATH/CodeIgniter.php(499): CodeIgniter\CodeIgniter->runController()
 5 SYSTEMPATH/CodeIgniter.php(368): CodeIgniter\CodeIgniter->handleRequest()
 6 FCPATH/index.php(67): CodeIgniter\CodeIgniter->run()
 7 SYSTEMPATH/Commands/Server/rewrite.php(47): require_once('/var/www/html/kuliah/Project_finish/Project_kuliah/public/index.php')
CRITICAL - 2023-03-31 08:13:11 --> Decrypting: authentication failed.
in SYSTEMPATH/Encryption/Handlers/OpenSSLHandler.php on line 137.
 1 SYSTEMPATH/Encryption/Handlers/OpenSSLHandler.php(137): CodeIgniter\Encryption\Exceptions\EncryptionException::forAuthenticationFailed()
 2 APPPATH/Controllers/UserController.php(43): CodeIgniter\Encryption\Handlers\OpenSSLHandler->decrypt()
 3 SYSTEMPATH/CodeIgniter.php(934): App\Controllers\UserController->Register()
 4 SYSTEMPATH/CodeIgniter.php(499): CodeIgniter\CodeIgniter->runController()
 5 SYSTEMPATH/CodeIgniter.php(368): CodeIgniter\CodeIgniter->handleRequest()
 6 FCPATH/index.php(67): CodeIgniter\CodeIgniter->run()
 7 SYSTEMPATH/Commands/Server/rewrite.php(47): require_once('/var/www/html/kuliah/Project_finish/Project_kuliah/public/index.php')
CRITICAL - 2023-03-31 08:14:56 --> Decrypting: authentication failed.
in SYSTEMPATH/Encryption/Handlers/OpenSSLHandler.php on line 137.
 1 SYSTEMPATH/Encryption/Handlers/OpenSSLHandler.php(137): CodeIgniter\Encryption\Exceptions\EncryptionException::forAuthenticationFailed()
 2 APPPATH/Controllers/UserController.php(43): CodeIgniter\Encryption\Handlers\OpenSSLHandler->decrypt()
 3 SYSTEMPATH/CodeIgniter.php(934): App\Controllers\UserController->Register()
 4 SYSTEMPATH/CodeIgniter.php(499): CodeIgniter\CodeIgniter->runController()
 5 SYSTEMPATH/CodeIgniter.php(368): CodeIgniter\CodeIgniter->handleRequest()
 6 FCPATH/index.php(67): CodeIgniter\CodeIgniter->run()
 7 SYSTEMPATH/Commands/Server/rewrite.php(47): require_once('/var/www/html/kuliah/Project_finish/Project_kuliah/public/index.php')
CRITICAL - 2023-03-31 08:15:28 --> Decrypting: authentication failed.
in SYSTEMPATH/Encryption/Handlers/OpenSSLHandler.php on line 137.
 1 SYSTEMPATH/Encryption/Handlers/OpenSSLHandler.php(137): CodeIgniter\Encryption\Exceptions\EncryptionException::forAuthenticationFailed()
 2 APPPATH/Controllers/UserController.php(44): CodeIgniter\Encryption\Handlers\OpenSSLHandler->decrypt()
 3 SYSTEMPATH/CodeIgniter.php(934): App\Controllers\UserController->Register()
 4 SYSTEMPATH/CodeIgniter.php(499): CodeIgniter\CodeIgniter->runController()
 5 SYSTEMPATH/CodeIgniter.php(368): CodeIgniter\CodeIgniter->handleRequest()
 6 FCPATH/index.php(67): CodeIgniter\CodeIgniter->run()
 7 SYSTEMPATH/Commands/Server/rewrite.php(47): require_once('/var/www/html/kuliah/Project_finish/Project_kuliah/public/index.php')
CRITICAL - 2023-03-31 08:16:35 --> Call to a member function decrypt() on null
in APPPATH/Controllers/UserController.php on line 45.
 1 SYSTEMPATH/CodeIgniter.php(934): App\Controllers\UserController->Register()
 2 SYSTEMPATH/CodeIgniter.php(499): CodeIgniter\CodeIgniter->runController()
 3 SYSTEMPATH/CodeIgniter.php(368): CodeIgniter\CodeIgniter->handleRequest()
 4 FCPATH/index.php(67): CodeIgniter\CodeIgniter->run()
 5 SYSTEMPATH/Commands/Server/rewrite.php(47): require_once('/var/www/html/kuliah/Project_finish/Project_kuliah/public/index.php')
CRITICAL - 2023-03-31 08:28:11 --> Failed to parse JSON string. Error: Malformed UTF-8 characters, possibly incorrectly encoded
in SYSTEMPATH/Format/JSONFormatter.php on line 41.
 1 SYSTEMPATH/Format/JSONFormatter.php(41): CodeIgniter\Format\Exceptions\FormatException::forInvalidJSON()
 2 SYSTEMPATH/HTTP/ResponseTrait.php(324): CodeIgniter\Format\JSONFormatter->format()
 3 SYSTEMPATH/HTTP/ResponseTrait.php(250): CodeIgniter\HTTP\Response->formatBody()
 4 APPPATH/Controllers/UserController.php(60): CodeIgniter\HTTP\Response->setJSON()
 5 SYSTEMPATH/CodeIgniter.php(934): App\Controllers\UserController->Register()
 6 SYSTEMPATH/CodeIgniter.php(499): CodeIgniter\CodeIgniter->runController()
 7 SYSTEMPATH/CodeIgniter.php(368): CodeIgniter\CodeIgniter->handleRequest()
 8 FCPATH/index.php(67): CodeIgniter\CodeIgniter->run()
 9 SYSTEMPATH/Commands/Server/rewrite.php(47): require_once('/var/www/html/kuliah/Project_finish/Project_kuliah/public/index.php')
CRITICAL - 2023-03-31 08:38:27 --> Undefined property: CodeIgniter\HTTP\Response::$setJson
in APPPATH/Controllers/UserController.php on line 66.
 1 APPPATH/Controllers/UserController.php(66): CodeIgniter\Debug\Exceptions->errorHandler()
 2 SYSTEMPATH/CodeIgniter.php(934): App\Controllers\UserController->Register()
 3 SYSTEMPATH/CodeIgniter.php(499): CodeIgniter\CodeIgniter->runController()
 4 SYSTEMPATH/CodeIgniter.php(368): CodeIgniter\CodeIgniter->handleRequest()
 5 FCPATH/index.php(67): CodeIgniter\CodeIgniter->run()
 6 SYSTEMPATH/Commands/Server/rewrite.php(47): require_once('/var/www/html/kuliah/Project_finish/Project_kuliah/public/index.php')
CRITICAL - 2023-03-31 08:38:48 --> Undefined property: CodeIgniter\HTTP\Response::$gc_status
in APPPATH/Controllers/UserController.php on line 66.
 1 APPPATH/Controllers/UserController.php(66): CodeIgniter\Debug\Exceptions->errorHandler()
 2 SYSTEMPATH/CodeIgniter.php(934): App\Controllers\UserController->Register()
 3 SYSTEMPATH/CodeIgniter.php(499): CodeIgniter\CodeIgniter->runController()
 4 SYSTEMPATH/CodeIgniter.php(368): CodeIgniter\CodeIgniter->handleRequest()
 5 FCPATH/index.php(67): CodeIgniter\CodeIgniter->run()
 6 SYSTEMPATH/Commands/Server/rewrite.php(47): require_once('/var/www/html/kuliah/Project_finish/Project_kuliah/public/index.php')
CRITICAL - 2023-03-31 08:39:10 --> gc_status() expects exactly 0 parameters, 1 given
in APPPATH/Controllers/UserController.php on line 66.
 1 [internal function]: CodeIgniter\Debug\Exceptions->errorHandler()
 2 APPPATH/Controllers/UserController.php(66): gc_status()
 3 SYSTEMPATH/CodeIgniter.php(934): App\Controllers\UserController->Register()
 4 SYSTEMPATH/CodeIgniter.php(499): CodeIgniter\CodeIgniter->runController()
 5 SYSTEMPATH/CodeIgniter.php(368): CodeIgniter\CodeIgniter->handleRequest()
 6 FCPATH/index.php(67): CodeIgniter\CodeIgniter->run()
 7 SYSTEMPATH/Commands/Server/rewrite.php(47): require_once('/var/www/html/kuliah/Project_finish/Project_kuliah/public/index.php')
CRITICAL - 2023-03-31 08:40:24 --> Call to undefined method CodeIgniter\HTTP\Response::asd()
in APPPATH/Controllers/UserController.php on line 66.
 1 SYSTEMPATH/CodeIgniter.php(934): App\Controllers\UserController->Register()
 2 SYSTEMPATH/CodeIgniter.php(499): CodeIgniter\CodeIgniter->runController()
 3 SYSTEMPATH/CodeIgniter.php(368): CodeIgniter\CodeIgniter->handleRequest()
 4 FCPATH/index.php(67): CodeIgniter\CodeIgniter->run()
 5 SYSTEMPATH/Commands/Server/rewrite.php(47): require_once('/var/www/html/kuliah/Project_finish/Project_kuliah/public/index.php')
CRITICAL - 2023-03-31 09:07:01 --> Allowed fields must be specified for model: "App\Models\UserModel"
in SYSTEMPATH/BaseModel.php on line 1242.
 1 SYSTEMPATH/BaseModel.php(1242): CodeIgniter\Database\Exceptions\DataException::forInvalidAllowedFields()
 2 SYSTEMPATH/BaseModel.php(757): CodeIgniter\BaseModel->doProtectFields()
 3 SYSTEMPATH/Model.php(730): CodeIgniter\BaseModel->insert()
 4 SYSTEMPATH/BaseModel.php(692): CodeIgniter\Model->insert()
 5 APPPATH/Controllers/UserController.php(104): CodeIgniter\BaseModel->save()
 6 SYSTEMPATH/CodeIgniter.php(934): App\Controllers\UserController->Register()
 7 SYSTEMPATH/CodeIgniter.php(499): CodeIgniter\CodeIgniter->runController()
 8 SYSTEMPATH/CodeIgniter.php(368): CodeIgniter\CodeIgniter->handleRequest()
 9 FCPATH/index.php(67): CodeIgniter\CodeIgniter->run()
10 SYSTEMPATH/Commands/Server/rewrite.php(47): require_once('/var/www/html/kuliah/Project_finish/Project_kuliah/public/index.php')
ERROR - 2023-03-31 09:09:09 --> ErrorException: pg_query(): Query failed: ERROR:  value too long for type character varying(255) in /var/www/html/kuliah/Project_finish/Project_kuliah/vendor/codeigniter4/framework/system/Database/Postgre/Connection.php:147
Stack trace:
#0 [internal function]: CodeIgniter\Debug\Exceptions->errorHandler()
#1 /var/www/html/kuliah/Project_finish/Project_kuliah/vendor/codeigniter4/framework/system/Database/Postgre/Connection.php(147): pg_query()
#2 /var/www/html/kuliah/Project_finish/Project_kuliah/vendor/codeigniter4/framework/system/Database/BaseConnection.php(691): CodeIgniter\Database\Postgre\Connection->execute()
#3 /var/www/html/kuliah/Project_finish/Project_kuliah/vendor/codeigniter4/framework/system/Database/BaseConnection.php(605): CodeIgniter\Database\BaseConnection->simpleQuery()
#4 /var/www/html/kuliah/Project_finish/Project_kuliah/vendor/codeigniter4/framework/system/Database/BaseBuilder.php(2309): CodeIgniter\Database\BaseConnection->query()
#5 /var/www/html/kuliah/Project_finish/Project_kuliah/vendor/codeigniter4/framework/system/Model.php(330): CodeIgniter\Database\BaseBuilder->insert()
#6 /var/www/html/kuliah/Project_finish/Project_kuliah/vendor/codeigniter4/framework/system/BaseModel.php(782): CodeIgniter\Model->doInsert()
#7 /var/www/html/kuliah/Project_finish/Project_kuliah/vendor/codeigniter4/framework/system/Model.php(730): CodeIgniter\BaseModel->insert()
#8 /var/www/html/kuliah/Project_finish/Project_kuliah/vendor/codeigniter4/framework/system/BaseModel.php(692): CodeIgniter\Model->insert()
#9 /var/www/html/kuliah/Project_finish/Project_kuliah/app/Controllers/UserController.php(104): CodeIgniter\BaseModel->save()
#10 /var/www/html/kuliah/Project_finish/Project_kuliah/vendor/codeigniter4/framework/system/CodeIgniter.php(934): App\Controllers\UserController->Register()
#11 /var/www/html/kuliah/Project_finish/Project_kuliah/vendor/codeigniter4/framework/system/CodeIgniter.php(499): CodeIgniter\CodeIgniter->runController()
#12 /var/www/html/kuliah/Project_finish/Project_kuliah/vendor/codeigniter4/framework/system/CodeIgniter.php(368): CodeIgniter\CodeIgniter->handleRequest()
#13 /var/www/html/kuliah/Project_finish/Project_kuliah/public/index.php(67): CodeIgniter\CodeIgniter->run()
#14 /var/www/html/kuliah/Project_finish/Project_kuliah/vendor/codeigniter4/framework/system/Commands/Server/rewrite.php(47): require_once('/var/www/html/k...')
#15 {main}
CRITICAL - 2023-03-31 09:09:09 --> pg_query(): Query failed: ERROR:  value too long for type character varying(255)
in SYSTEMPATH/Database/Postgre/Connection.php on line 147.
 1 [internal function]: CodeIgniter\Debug\Exceptions->errorHandler()
 2 SYSTEMPATH/Database/Postgre/Connection.php(147): pg_query()
 3 SYSTEMPATH/Database/BaseConnection.php(691): CodeIgniter\Database\Postgre\Connection->execute()
 4 SYSTEMPATH/Database/BaseConnection.php(605): CodeIgniter\Database\BaseConnection->simpleQuery()
 5 SYSTEMPATH/Database/BaseBuilder.php(2309): CodeIgniter\Database\BaseConnection->query()
 6 SYSTEMPATH/Model.php(330): CodeIgniter\Database\BaseBuilder->insert()
 7 SYSTEMPATH/BaseModel.php(782): CodeIgniter\Model->doInsert()
 8 SYSTEMPATH/Model.php(730): CodeIgniter\BaseModel->insert()
 9 SYSTEMPATH/BaseModel.php(692): CodeIgniter\Model->insert()
10 APPPATH/Controllers/UserController.php(104): CodeIgniter\BaseModel->save()
11 SYSTEMPATH/CodeIgniter.php(934): App\Controllers\UserController->Register()
12 SYSTEMPATH/CodeIgniter.php(499): CodeIgniter\CodeIgniter->runController()
13 SYSTEMPATH/CodeIgniter.php(368): CodeIgniter\CodeIgniter->handleRequest()
14 FCPATH/index.php(67): CodeIgniter\CodeIgniter->run()
15 SYSTEMPATH/Commands/Server/rewrite.php(47): require_once('/var/www/html/kuliah/Project_finish/Project_kuliah/public/index.php')
ERROR - 2023-03-31 09:09:23 --> ErrorException: pg_query(): Query failed: ERROR:  value too long for type character varying(255) in /var/www/html/kuliah/Project_finish/Project_kuliah/vendor/codeigniter4/framework/system/Database/Postgre/Connection.php:147
Stack trace:
#0 [internal function]: CodeIgniter\Debug\Exceptions->errorHandler()
#1 /var/www/html/kuliah/Project_finish/Project_kuliah/vendor/codeigniter4/framework/system/Database/Postgre/Connection.php(147): pg_query()
#2 /var/www/html/kuliah/Project_finish/Project_kuliah/vendor/codeigniter4/framework/system/Database/BaseConnection.php(691): CodeIgniter\Database\Postgre\Connection->execute()
#3 /var/www/html/kuliah/Project_finish/Project_kuliah/vendor/codeigniter4/framework/system/Database/BaseConnection.php(605): CodeIgniter\Database\BaseConnection->simpleQuery()
#4 /var/www/html/kuliah/Project_finish/Project_kuliah/vendor/codeigniter4/framework/system/Database/BaseBuilder.php(2309): CodeIgniter\Database\BaseConnection->query()
#5 /var/www/html/kuliah/Project_finish/Project_kuliah/vendor/codeigniter4/framework/system/Model.php(330): CodeIgniter\Database\BaseBuilder->insert()
#6 /var/www/html/kuliah/Project_finish/Project_kuliah/vendor/codeigniter4/framework/system/BaseModel.php(782): CodeIgniter\Model->doInsert()
#7 /var/www/html/kuliah/Project_finish/Project_kuliah/vendor/codeigniter4/framework/system/Model.php(730): CodeIgniter\BaseModel->insert()
#8 /var/www/html/kuliah/Project_finish/Project_kuliah/vendor/codeigniter4/framework/system/BaseModel.php(692): CodeIgniter\Model->insert()
#9 /var/www/html/kuliah/Project_finish/Project_kuliah/app/Controllers/UserController.php(104): CodeIgniter\BaseModel->save()
#10 /var/www/html/kuliah/Project_finish/Project_kuliah/vendor/codeigniter4/framework/system/CodeIgniter.php(934): App\Controllers\UserController->Register()
#11 /var/www/html/kuliah/Project_finish/Project_kuliah/vendor/codeigniter4/framework/system/CodeIgniter.php(499): CodeIgniter\CodeIgniter->runController()
#12 /var/www/html/kuliah/Project_finish/Project_kuliah/vendor/codeigniter4/framework/system/CodeIgniter.php(368): CodeIgniter\CodeIgniter->handleRequest()
#13 /var/www/html/kuliah/Project_finish/Project_kuliah/public/index.php(67): CodeIgniter\CodeIgniter->run()
#14 /var/www/html/kuliah/Project_finish/Project_kuliah/vendor/codeigniter4/framework/system/Commands/Server/rewrite.php(47): require_once('/var/www/html/k...')
#15 {main}
CRITICAL - 2023-03-31 09:09:23 --> pg_query(): Query failed: ERROR:  value too long for type character varying(255)
in SYSTEMPATH/Database/Postgre/Connection.php on line 147.
 1 [internal function]: CodeIgniter\Debug\Exceptions->errorHandler()
 2 SYSTEMPATH/Database/Postgre/Connection.php(147): pg_query()
 3 SYSTEMPATH/Database/BaseConnection.php(691): CodeIgniter\Database\Postgre\Connection->execute()
 4 SYSTEMPATH/Database/BaseConnection.php(605): CodeIgniter\Database\BaseConnection->simpleQuery()
 5 SYSTEMPATH/Database/BaseBuilder.php(2309): CodeIgniter\Database\BaseConnection->query()
 6 SYSTEMPATH/Model.php(330): CodeIgniter\Database\BaseBuilder->insert()
 7 SYSTEMPATH/BaseModel.php(782): CodeIgniter\Model->doInsert()
 8 SYSTEMPATH/Model.php(730): CodeIgniter\BaseModel->insert()
 9 SYSTEMPATH/BaseModel.php(692): CodeIgniter\Model->insert()
10 APPPATH/Controllers/UserController.php(104): CodeIgniter\BaseModel->save()
11 SYSTEMPATH/CodeIgniter.php(934): App\Controllers\UserController->Register()
12 SYSTEMPATH/CodeIgniter.php(499): CodeIgniter\CodeIgniter->runController()
13 SYSTEMPATH/CodeIgniter.php(368): CodeIgniter\CodeIgniter->handleRequest()
14 FCPATH/index.php(67): CodeIgniter\CodeIgniter->run()
15 SYSTEMPATH/Commands/Server/rewrite.php(47): require_once('/var/www/html/kuliah/Project_finish/Project_kuliah/public/index.php')
ERROR - 2023-03-31 09:10:13 --> ErrorException: pg_query(): Query failed: ERROR:  value too long for type character varying(255) in /var/www/html/kuliah/Project_finish/Project_kuliah/vendor/codeigniter4/framework/system/Database/Postgre/Connection.php:147
Stack trace:
#0 [internal function]: CodeIgniter\Debug\Exceptions->errorHandler()
#1 /var/www/html/kuliah/Project_finish/Project_kuliah/vendor/codeigniter4/framework/system/Database/Postgre/Connection.php(147): pg_query()
#2 /var/www/html/kuliah/Project_finish/Project_kuliah/vendor/codeigniter4/framework/system/Database/BaseConnection.php(691): CodeIgniter\Database\Postgre\Connection->execute()
#3 /var/www/html/kuliah/Project_finish/Project_kuliah/vendor/codeigniter4/framework/system/Database/BaseConnection.php(605): CodeIgniter\Database\BaseConnection->simpleQuery()
#4 /var/www/html/kuliah/Project_finish/Project_kuliah/vendor/codeigniter4/framework/system/Database/BaseBuilder.php(2309): CodeIgniter\Database\BaseConnection->query()
#5 /var/www/html/kuliah/Project_finish/Project_kuliah/vendor/codeigniter4/framework/system/Model.php(330): CodeIgniter\Database\BaseBuilder->insert()
#6 /var/www/html/kuliah/Project_finish/Project_kuliah/vendor/codeigniter4/framework/system/BaseModel.php(782): CodeIgniter\Model->doInsert()
#7 /var/www/html/kuliah/Project_finish/Project_kuliah/vendor/codeigniter4/framework/system/Model.php(730): CodeIgniter\BaseModel->insert()
#8 /var/www/html/kuliah/Project_finish/Project_kuliah/vendor/codeigniter4/framework/system/BaseModel.php(692): CodeIgniter\Model->insert()
#9 /var/www/html/kuliah/Project_finish/Project_kuliah/app/Controllers/UserController.php(103): CodeIgniter\BaseModel->save()
#10 /var/www/html/kuliah/Project_finish/Project_kuliah/vendor/codeigniter4/framework/system/CodeIgniter.php(934): App\Controllers\UserController->Register()
#11 /var/www/html/kuliah/Project_finish/Project_kuliah/vendor/codeigniter4/framework/system/CodeIgniter.php(499): CodeIgniter\CodeIgniter->runController()
#12 /var/www/html/kuliah/Project_finish/Project_kuliah/vendor/codeigniter4/framework/system/CodeIgniter.php(368): CodeIgniter\CodeIgniter->handleRequest()
#13 /var/www/html/kuliah/Project_finish/Project_kuliah/public/index.php(67): CodeIgniter\CodeIgniter->run()
#14 /var/www/html/kuliah/Project_finish/Project_kuliah/vendor/codeigniter4/framework/system/Commands/Server/rewrite.php(47): require_once('/var/www/html/k...')
#15 {main}
CRITICAL - 2023-03-31 09:10:13 --> pg_query(): Query failed: ERROR:  value too long for type character varying(255)
in SYSTEMPATH/Database/Postgre/Connection.php on line 147.
 1 [internal function]: CodeIgniter\Debug\Exceptions->errorHandler()
 2 SYSTEMPATH/Database/Postgre/Connection.php(147): pg_query()
 3 SYSTEMPATH/Database/BaseConnection.php(691): CodeIgniter\Database\Postgre\Connection->execute()
 4 SYSTEMPATH/Database/BaseConnection.php(605): CodeIgniter\Database\BaseConnection->simpleQuery()
 5 SYSTEMPATH/Database/BaseBuilder.php(2309): CodeIgniter\Database\BaseConnection->query()
 6 SYSTEMPATH/Model.php(330): CodeIgniter\Database\BaseBuilder->insert()
 7 SYSTEMPATH/BaseModel.php(782): CodeIgniter\Model->doInsert()
 8 SYSTEMPATH/Model.php(730): CodeIgniter\BaseModel->insert()
 9 SYSTEMPATH/BaseModel.php(692): CodeIgniter\Model->insert()
10 APPPATH/Controllers/UserController.php(103): CodeIgniter\BaseModel->save()
11 SYSTEMPATH/CodeIgniter.php(934): App\Controllers\UserController->Register()
12 SYSTEMPATH/CodeIgniter.php(499): CodeIgniter\CodeIgniter->runController()
13 SYSTEMPATH/CodeIgniter.php(368): CodeIgniter\CodeIgniter->handleRequest()
14 FCPATH/index.php(67): CodeIgniter\CodeIgniter->run()
15 SYSTEMPATH/Commands/Server/rewrite.php(47): require_once('/var/www/html/kuliah/Project_finish/Project_kuliah/public/index.php')
ERROR - 2023-03-31 09:11:21 --> ErrorException: pg_query(): Query failed: ERROR:  value too long for type character varying(255) in /var/www/html/kuliah/Project_finish/Project_kuliah/vendor/codeigniter4/framework/system/Database/Postgre/Connection.php:147
Stack trace:
#0 [internal function]: CodeIgniter\Debug\Exceptions->errorHandler()
#1 /var/www/html/kuliah/Project_finish/Project_kuliah/vendor/codeigniter4/framework/system/Database/Postgre/Connection.php(147): pg_query()
#2 /var/www/html/kuliah/Project_finish/Project_kuliah/vendor/codeigniter4/framework/system/Database/BaseConnection.php(691): CodeIgniter\Database\Postgre\Connection->execute()
#3 /var/www/html/kuliah/Project_finish/Project_kuliah/vendor/codeigniter4/framework/system/Database/BaseConnection.php(605): CodeIgniter\Database\BaseConnection->simpleQuery()
#4 /var/www/html/kuliah/Project_finish/Project_kuliah/vendor/codeigniter4/framework/system/Database/BaseBuilder.php(2309): CodeIgniter\Database\BaseConnection->query()
#5 /var/www/html/kuliah/Project_finish/Project_kuliah/vendor/codeigniter4/framework/system/Model.php(330): CodeIgniter\Database\BaseBuilder->insert()
#6 /var/www/html/kuliah/Project_finish/Project_kuliah/vendor/codeigniter4/framework/system/BaseModel.php(782): CodeIgniter\Model->doInsert()
#7 /var/www/html/kuliah/Project_finish/Project_kuliah/vendor/codeigniter4/framework/system/Model.php(730): CodeIgniter\BaseModel->insert()
#8 /var/www/html/kuliah/Project_finish/Project_kuliah/vendor/codeigniter4/framework/system/BaseModel.php(692): CodeIgniter\Model->insert()
#9 /var/www/html/kuliah/Project_finish/Project_kuliah/app/Controllers/UserController.php(104): CodeIgniter\BaseModel->save()
#10 /var/www/html/kuliah/Project_finish/Project_kuliah/vendor/codeigniter4/framework/system/CodeIgniter.php(934): App\Controllers\UserController->Register()
#11 /var/www/html/kuliah/Project_finish/Project_kuliah/vendor/codeigniter4/framework/system/CodeIgniter.php(499): CodeIgniter\CodeIgniter->runController()
#12 /var/www/html/kuliah/Project_finish/Project_kuliah/vendor/codeigniter4/framework/system/CodeIgniter.php(368): CodeIgniter\CodeIgniter->handleRequest()
#13 /var/www/html/kuliah/Project_finish/Project_kuliah/public/index.php(67): CodeIgniter\CodeIgniter->run()
#14 /var/www/html/kuliah/Project_finish/Project_kuliah/vendor/codeigniter4/framework/system/Commands/Server/rewrite.php(47): require_once('/var/www/html/k...')
#15 {main}
CRITICAL - 2023-03-31 09:11:21 --> pg_query(): Query failed: ERROR:  value too long for type character varying(255)
in SYSTEMPATH/Database/Postgre/Connection.php on line 147.
 1 [internal function]: CodeIgniter\Debug\Exceptions->errorHandler()
 2 SYSTEMPATH/Database/Postgre/Connection.php(147): pg_query()
 3 SYSTEMPATH/Database/BaseConnection.php(691): CodeIgniter\Database\Postgre\Connection->execute()
 4 SYSTEMPATH/Database/BaseConnection.php(605): CodeIgniter\Database\BaseConnection->simpleQuery()
 5 SYSTEMPATH/Database/BaseBuilder.php(2309): CodeIgniter\Database\BaseConnection->query()
 6 SYSTEMPATH/Model.php(330): CodeIgniter\Database\BaseBuilder->insert()
 7 SYSTEMPATH/BaseModel.php(782): CodeIgniter\Model->doInsert()
 8 SYSTEMPATH/Model.php(730): CodeIgniter\BaseModel->insert()
 9 SYSTEMPATH/BaseModel.php(692): CodeIgniter\Model->insert()
10 APPPATH/Controllers/UserController.php(104): CodeIgniter\BaseModel->save()
11 SYSTEMPATH/CodeIgniter.php(934): App\Controllers\UserController->Register()
12 SYSTEMPATH/CodeIgniter.php(499): CodeIgniter\CodeIgniter->runController()
13 SYSTEMPATH/CodeIgniter.php(368): CodeIgniter\CodeIgniter->handleRequest()
14 FCPATH/index.php(67): CodeIgniter\CodeIgniter->run()
15 SYSTEMPATH/Commands/Server/rewrite.php(47): require_once('/var/www/html/kuliah/Project_finish/Project_kuliah/public/index.php')
CRITICAL - 2023-03-31 09:19:14 --> Failed to parse JSON string. Error: Malformed UTF-8 characters, possibly incorrectly encoded
in SYSTEMPATH/Format/JSONFormatter.php on line 41.
 1 SYSTEMPATH/Format/JSONFormatter.php(41): CodeIgniter\Format\Exceptions\FormatException::forInvalidJSON()
 2 SYSTEMPATH/HTTP/ResponseTrait.php(324): CodeIgniter\Format\JSONFormatter->format()
 3 SYSTEMPATH/HTTP/ResponseTrait.php(250): CodeIgniter\HTTP\Response->formatBody()
 4 APPPATH/Controllers/UserController.php(108): CodeIgniter\HTTP\Response->setJSON()
 5 SYSTEMPATH/CodeIgniter.php(934): App\Controllers\UserController->Register()
 6 SYSTEMPATH/CodeIgniter.php(499): CodeIgniter\CodeIgniter->runController()
 7 SYSTEMPATH/CodeIgniter.php(368): CodeIgniter\CodeIgniter->handleRequest()
 8 FCPATH/index.php(67): CodeIgniter\CodeIgniter->run()
 9 SYSTEMPATH/Commands/Server/rewrite.php(47): require_once('/var/www/html/kuliah/Project_finish/Project_kuliah/public/index.php')
CRITICAL - 2023-03-31 09:32:27 --> require(vendor/autoload.php): failed to open stream: No such file or directory
in APPPATH/Controllers/UserController.php on line 18.
 1 APPPATH/Controllers/UserController.php(18): CodeIgniter\Debug\Exceptions->errorHandler()
 2 APPPATH/Controllers/UserController.php(18): require()
 3 SYSTEMPATH/Autoloader/Autoloader.php(312): include_once('/var/www/html/kuliah/Project_finish/Project_kuliah/app/Controllers/UserController.php')
 4 SYSTEMPATH/Autoloader/Autoloader.php(289): CodeIgniter\Autoloader\Autoloader->includeFile()
 5 SYSTEMPATH/Autoloader/Autoloader.php(267): CodeIgniter\Autoloader\Autoloader->loadInNamespace()
 6 [internal function]: CodeIgniter\Autoloader\Autoloader->loadClass()
 7 [internal function]: spl_autoload_call()
 8 SYSTEMPATH/CodeIgniter.php(892): class_exists()
 9 SYSTEMPATH/CodeIgniter.php(486): CodeIgniter\CodeIgniter->startController()
10 SYSTEMPATH/CodeIgniter.php(368): CodeIgniter\CodeIgniter->handleRequest()
11 FCPATH/index.php(67): CodeIgniter\CodeIgniter->run()
12 SYSTEMPATH/Commands/Server/rewrite.php(47): require_once('/var/www/html/kuliah/Project_finish/Project_kuliah/public/index.php')
CRITICAL - 2023-03-31 09:33:03 --> require(src/Exception.php): failed to open stream: No such file or directory
in APPPATH/Controllers/UserController.php on line 18.
 1 APPPATH/Controllers/UserController.php(18): CodeIgniter\Debug\Exceptions->errorHandler()
 2 APPPATH/Controllers/UserController.php(18): require()
 3 SYSTEMPATH/Autoloader/Autoloader.php(312): include_once('/var/www/html/kuliah/Project_finish/Project_kuliah/app/Controllers/UserController.php')
 4 SYSTEMPATH/Autoloader/Autoloader.php(289): CodeIgniter\Autoloader\Autoloader->includeFile()
 5 SYSTEMPATH/Autoloader/Autoloader.php(267): CodeIgniter\Autoloader\Autoloader->loadInNamespace()
 6 [internal function]: CodeIgniter\Autoloader\Autoloader->loadClass()
 7 [internal function]: spl_autoload_call()
 8 SYSTEMPATH/CodeIgniter.php(892): class_exists()
 9 SYSTEMPATH/CodeIgniter.php(486): CodeIgniter\CodeIgniter->startController()
10 SYSTEMPATH/CodeIgniter.php(368): CodeIgniter\CodeIgniter->handleRequest()
11 FCPATH/index.php(67): CodeIgniter\CodeIgniter->run()
12 SYSTEMPATH/Commands/Server/rewrite.php(47): require_once('/var/www/html/kuliah/Project_finish/Project_kuliah/public/index.php')
